<?xml version="1.0" encoding="UTF-8"?>
<testsuite xmlns:xsi="http://www.w3.org/2001/XMLSchema-instance" xsi:noNamespaceSchemaLocation="https://maven.apache.org/surefire/maven-surefire-plugin/xsd/surefire-test-report.xsd" version="3.0.2" name="TestSuite" time="10.722" tests="8" errors="0" skipped="0" failures="0">
  <properties>
    <property name="java.specification.version" value="17"/>
    <property name="sun.cpu.isalist" value="amd64"/>
    <property name="sun.jnu.encoding" value="Cp1252"/>
    <property name="java.class.path" value="C:\SravanKumar\Automation\RestAutoFramework\target\test-classes;C:\SravanKumar\Automation\RestAutoFramework\target\classes;C:\Users\srava\.m2\repository\io\rest-assured\rest-assured\5.5.0\rest-assured-5.5.0.jar;C:\Users\srava\.m2\repository\org\apache\groovy\groovy\4.0.22\groovy-4.0.22.jar;C:\Users\srava\.m2\repository\org\apache\groovy\groovy-xml\4.0.22\groovy-xml-4.0.22.jar;C:\Users\srava\.m2\repository\org\apache\httpcomponents\httpclient\4.5.13\httpclient-4.5.13.jar;C:\Users\srava\.m2\repository\org\apache\httpcomponents\httpcore\4.4.13\httpcore-4.4.13.jar;C:\Users\srava\.m2\repository\commons-logging\commons-logging\1.2\commons-logging-1.2.jar;C:\Users\srava\.m2\repository\org\apache\httpcomponents\httpmime\4.5.13\httpmime-4.5.13.jar;C:\Users\srava\.m2\repository\org\hamcrest\hamcrest\2.2\hamcrest-2.2.jar;C:\Users\srava\.m2\repository\org\ccil\cowan\tagsoup\tagsoup\1.2.1\tagsoup-1.2.1.jar;C:\Users\srava\.m2\repository\io\rest-assured\xml-path\5.5.0\xml-path-5.5.0.jar;C:\Users\srava\.m2\repository\io\rest-assured\json-path\5.5.0\json-path-5.5.0.jar;C:\Users\srava\.m2\repository\org\apache\groovy\groovy-json\4.0.22\groovy-json-4.0.22.jar;C:\Users\srava\.m2\repository\io\rest-assured\rest-assured-common\5.5.0\rest-assured-common-5.5.0.jar;C:\Users\srava\.m2\repository\org\json\json\20240303\json-20240303.jar;C:\Users\srava\.m2\repository\com\google\code\gson\gson\2.11.0\gson-2.11.0.jar;C:\Users\srava\.m2\repository\com\google\errorprone\error_prone_annotations\2.27.0\error_prone_annotations-2.27.0.jar;C:\Users\srava\.m2\repository\com\github\scribejava\scribejava-apis\8.3.3\scribejava-apis-8.3.3.jar;C:\Users\srava\.m2\repository\com\github\scribejava\scribejava-core\8.3.3\scribejava-core-8.3.3.jar;C:\Users\srava\.m2\repository\com\github\scribejava\scribejava-java8\8.3.3\scribejava-java8-8.3.3.jar;C:\Users\srava\.m2\repository\com\fasterxml\jackson\core\jackson-databind\2.14.0\jackson-databind-2.14.0.jar;C:\Users\srava\.m2\repository\com\fasterxml\jackson\core\jackson-annotations\2.14.0\jackson-annotations-2.14.0.jar;C:\Users\srava\.m2\repository\com\fasterxml\jackson\core\jackson-core\2.14.0\jackson-core-2.14.0.jar;C:\Users\srava\.m2\repository\com\github\java-json-tools\json-schema-validator\2.2.14\json-schema-validator-2.2.14.jar;C:\Users\srava\.m2\repository\com\google\guava\guava\28.2-android\guava-28.2-android.jar;C:\Users\srava\.m2\repository\com\google\guava\failureaccess\1.0.1\failureaccess-1.0.1.jar;C:\Users\srava\.m2\repository\com\google\guava\listenablefuture\9999.0-empty-to-avoid-conflict-with-guava\listenablefuture-9999.0-empty-to-avoid-conflict-with-guava.jar;C:\Users\srava\.m2\repository\org\checkerframework\checker-compat-qual\2.5.5\checker-compat-qual-2.5.5.jar;C:\Users\srava\.m2\repository\com\google\j2objc\j2objc-annotations\1.3\j2objc-annotations-1.3.jar;C:\Users\srava\.m2\repository\com\github\java-json-tools\jackson-coreutils-equivalence\1.0\jackson-coreutils-equivalence-1.0.jar;C:\Users\srava\.m2\repository\com\github\java-json-tools\jackson-coreutils\2.0\jackson-coreutils-2.0.jar;C:\Users\srava\.m2\repository\com\github\java-json-tools\msg-simple\1.2\msg-simple-1.2.jar;C:\Users\srava\.m2\repository\com\github\java-json-tools\btf\1.3\btf-1.3.jar;C:\Users\srava\.m2\repository\com\github\java-json-tools\json-schema-core\1.2.14\json-schema-core-1.2.14.jar;C:\Users\srava\.m2\repository\com\github\java-json-tools\uri-template\0.10\uri-template-0.10.jar;C:\Users\srava\.m2\repository\org\mozilla\rhino\1.7.7.2\rhino-1.7.7.2.jar;C:\Users\srava\.m2\repository\com\sun\mail\mailapi\1.6.2\mailapi-1.6.2.jar;C:\Users\srava\.m2\repository\joda-time\joda-time\2.10.5\joda-time-2.10.5.jar;C:\Users\srava\.m2\repository\com\googlecode\libphonenumber\libphonenumber\8.11.1\libphonenumber-8.11.1.jar;C:\Users\srava\.m2\repository\com\google\code\findbugs\jsr305\3.0.2\jsr305-3.0.2.jar;C:\Users\srava\.m2\repository\net\sf\jopt-simple\jopt-simple\5.0.4\jopt-simple-5.0.4.jar;C:\Users\srava\.m2\repository\xml-apis\xml-apis\1.0.b2\xml-apis-1.0.b2.jar;C:\Users\srava\.m2\repository\com\github\javafaker\javafaker\1.0.2\javafaker-1.0.2.jar;C:\Users\srava\.m2\repository\org\apache\commons\commons-lang3\3.5\commons-lang3-3.5.jar;C:\Users\srava\.m2\repository\org\yaml\snakeyaml\1.23\snakeyaml-1.23-android.jar;C:\Users\srava\.m2\repository\com\github\mifmif\generex\1.0.2\generex-1.0.2.jar;C:\Users\srava\.m2\repository\dk\brics\automaton\automaton\1.11-8\automaton-1.11-8.jar;C:\Users\srava\.m2\repository\org\testng\testng\7.10.2\testng-7.10.2.jar;C:\Users\srava\.m2\repository\org\slf4j\slf4j-api\1.7.36\slf4j-api-1.7.36.jar;C:\Users\srava\.m2\repository\com\beust\jcommander\1.82\jcommander-1.82.jar;C:\Users\srava\.m2\repository\org\webjars\jquery\3.7.1\jquery-3.7.1.jar;C:\Users\srava\.m2\repository\com\aventstack\extentreports\5.1.2\extentreports-5.1.2.jar;C:\Users\srava\.m2\repository\io\reactivex\rxjava3\rxjava\3.1.6\rxjava-3.1.6.jar;C:\Users\srava\.m2\repository\org\reactivestreams\reactive-streams\1.0.4\reactive-streams-1.0.4.jar;C:\Users\srava\.m2\repository\org\freemarker\freemarker\2.3.32\freemarker-2.3.32.jar;C:\Users\srava\.m2\repository\org\projectlombok\lombok\1.18.26\lombok-1.18.26.jar;C:\Users\srava\.m2\repository\org\apache\poi\poi\5.3.0\poi-5.3.0.jar;C:\Users\srava\.m2\repository\commons-codec\commons-codec\1.17.0\commons-codec-1.17.0.jar;C:\Users\srava\.m2\repository\org\apache\commons\commons-collections4\4.4\commons-collections4-4.4.jar;C:\Users\srava\.m2\repository\org\apache\commons\commons-math3\3.6.1\commons-math3-3.6.1.jar;C:\Users\srava\.m2\repository\commons-io\commons-io\2.16.1\commons-io-2.16.1.jar;C:\Users\srava\.m2\repository\com\zaxxer\SparseBitSet\1.3\SparseBitSet-1.3.jar;C:\Users\srava\.m2\repository\org\apache\poi\poi-ooxml\5.3.0\poi-ooxml-5.3.0.jar;C:\Users\srava\.m2\repository\org\apache\poi\poi-ooxml-lite\5.3.0\poi-ooxml-lite-5.3.0.jar;C:\Users\srava\.m2\repository\org\apache\xmlbeans\xmlbeans\5.2.1\xmlbeans-5.2.1.jar;C:\Users\srava\.m2\repository\org\apache\commons\commons-compress\1.26.2\commons-compress-1.26.2.jar;C:\Users\srava\.m2\repository\com\github\virtuald\curvesapi\1.08\curvesapi-1.08.jar;C:\Users\srava\.m2\repository\org\apache\logging\log4j\log4j-api\2.20.0\log4j-api-2.20.0.jar;C:\Users\srava\.m2\repository\org\apache\logging\log4j\log4j-core\2.20.0\log4j-core-2.20.0.jar;C:\Users\srava\.m2\repository\log4j\log4j\1.2.17\log4j-1.2.17.jar;"/>
    <property name="java.vm.vendor" value="Oracle Corporation"/>
    <property name="sun.arch.data.model" value="64"/>
    <property name="user.variant" value=""/>
    <property name="java.vendor.url" value="https://java.oracle.com/"/>
    <property name="user.timezone" value="Asia/Calcutta"/>
    <property name="os.name" value="Windows 10"/>
    <property name="java.vm.specification.version" value="17"/>
    <property name="sun.java.launcher" value="SUN_STANDARD"/>
    <property name="user.country" value="GB"/>
    <property name="sun.boot.library.path" value="C:\Program Files\Java\jdk-17\bin"/>
    <property name="sun.java.command" value="C:\Users\srava\AppData\Local\Temp\surefire10602479813208433025\surefirebooter-20240914091404727_3.jar C:\Users\srava\AppData\Local\Temp\surefire10602479813208433025 2024-09-14T09-14-04_556-jvmRun1 surefire-20240914091404727_1tmp surefire_0-20240914091404727_2tmp"/>
    <property name="jdk.debug" value="release"/>
    <property name="surefire.test.class.path" value="C:\SravanKumar\Automation\RestAutoFramework\target\test-classes;C:\SravanKumar\Automation\RestAutoFramework\target\classes;C:\Users\srava\.m2\repository\io\rest-assured\rest-assured\5.5.0\rest-assured-5.5.0.jar;C:\Users\srava\.m2\repository\org\apache\groovy\groovy\4.0.22\groovy-4.0.22.jar;C:\Users\srava\.m2\repository\org\apache\groovy\groovy-xml\4.0.22\groovy-xml-4.0.22.jar;C:\Users\srava\.m2\repository\org\apache\httpcomponents\httpclient\4.5.13\httpclient-4.5.13.jar;C:\Users\srava\.m2\repository\org\apache\httpcomponents\httpcore\4.4.13\httpcore-4.4.13.jar;C:\Users\srava\.m2\repository\commons-logging\commons-logging\1.2\commons-logging-1.2.jar;C:\Users\srava\.m2\repository\org\apache\httpcomponents\httpmime\4.5.13\httpmime-4.5.13.jar;C:\Users\srava\.m2\repository\org\hamcrest\hamcrest\2.2\hamcrest-2.2.jar;C:\Users\srava\.m2\repository\org\ccil\cowan\tagsoup\tagsoup\1.2.1\tagsoup-1.2.1.jar;C:\Users\srava\.m2\repository\io\rest-assured\xml-path\5.5.0\xml-path-5.5.0.jar;C:\Users\srava\.m2\repository\io\rest-assured\json-path\5.5.0\json-path-5.5.0.jar;C:\Users\srava\.m2\repository\org\apache\groovy\groovy-json\4.0.22\groovy-json-4.0.22.jar;C:\Users\srava\.m2\repository\io\rest-assured\rest-assured-common\5.5.0\rest-assured-common-5.5.0.jar;C:\Users\srava\.m2\repository\org\json\json\20240303\json-20240303.jar;C:\Users\srava\.m2\repository\com\google\code\gson\gson\2.11.0\gson-2.11.0.jar;C:\Users\srava\.m2\repository\com\google\errorprone\error_prone_annotations\2.27.0\error_prone_annotations-2.27.0.jar;C:\Users\srava\.m2\repository\com\github\scribejava\scribejava-apis\8.3.3\scribejava-apis-8.3.3.jar;C:\Users\srava\.m2\repository\com\github\scribejava\scribejava-core\8.3.3\scribejava-core-8.3.3.jar;C:\Users\srava\.m2\repository\com\github\scribejava\scribejava-java8\8.3.3\scribejava-java8-8.3.3.jar;C:\Users\srava\.m2\repository\com\fasterxml\jackson\core\jackson-databind\2.14.0\jackson-databind-2.14.0.jar;C:\Users\srava\.m2\repository\com\fasterxml\jackson\core\jackson-annotations\2.14.0\jackson-annotations-2.14.0.jar;C:\Users\srava\.m2\repository\com\fasterxml\jackson\core\jackson-core\2.14.0\jackson-core-2.14.0.jar;C:\Users\srava\.m2\repository\com\github\java-json-tools\json-schema-validator\2.2.14\json-schema-validator-2.2.14.jar;C:\Users\srava\.m2\repository\com\google\guava\guava\28.2-android\guava-28.2-android.jar;C:\Users\srava\.m2\repository\com\google\guava\failureaccess\1.0.1\failureaccess-1.0.1.jar;C:\Users\srava\.m2\repository\com\google\guava\listenablefuture\9999.0-empty-to-avoid-conflict-with-guava\listenablefuture-9999.0-empty-to-avoid-conflict-with-guava.jar;C:\Users\srava\.m2\repository\org\checkerframework\checker-compat-qual\2.5.5\checker-compat-qual-2.5.5.jar;C:\Users\srava\.m2\repository\com\google\j2objc\j2objc-annotations\1.3\j2objc-annotations-1.3.jar;C:\Users\srava\.m2\repository\com\github\java-json-tools\jackson-coreutils-equivalence\1.0\jackson-coreutils-equivalence-1.0.jar;C:\Users\srava\.m2\repository\com\github\java-json-tools\jackson-coreutils\2.0\jackson-coreutils-2.0.jar;C:\Users\srava\.m2\repository\com\github\java-json-tools\msg-simple\1.2\msg-simple-1.2.jar;C:\Users\srava\.m2\repository\com\github\java-json-tools\btf\1.3\btf-1.3.jar;C:\Users\srava\.m2\repository\com\github\java-json-tools\json-schema-core\1.2.14\json-schema-core-1.2.14.jar;C:\Users\srava\.m2\repository\com\github\java-json-tools\uri-template\0.10\uri-template-0.10.jar;C:\Users\srava\.m2\repository\org\mozilla\rhino\1.7.7.2\rhino-1.7.7.2.jar;C:\Users\srava\.m2\repository\com\sun\mail\mailapi\1.6.2\mailapi-1.6.2.jar;C:\Users\srava\.m2\repository\joda-time\joda-time\2.10.5\joda-time-2.10.5.jar;C:\Users\srava\.m2\repository\com\googlecode\libphonenumber\libphonenumber\8.11.1\libphonenumber-8.11.1.jar;C:\Users\srava\.m2\repository\com\google\code\findbugs\jsr305\3.0.2\jsr305-3.0.2.jar;C:\Users\srava\.m2\repository\net\sf\jopt-simple\jopt-simple\5.0.4\jopt-simple-5.0.4.jar;C:\Users\srava\.m2\repository\xml-apis\xml-apis\1.0.b2\xml-apis-1.0.b2.jar;C:\Users\srava\.m2\repository\com\github\javafaker\javafaker\1.0.2\javafaker-1.0.2.jar;C:\Users\srava\.m2\repository\org\apache\commons\commons-lang3\3.5\commons-lang3-3.5.jar;C:\Users\srava\.m2\repository\org\yaml\snakeyaml\1.23\snakeyaml-1.23-android.jar;C:\Users\srava\.m2\repository\com\github\mifmif\generex\1.0.2\generex-1.0.2.jar;C:\Users\srava\.m2\repository\dk\brics\automaton\automaton\1.11-8\automaton-1.11-8.jar;C:\Users\srava\.m2\repository\org\testng\testng\7.10.2\testng-7.10.2.jar;C:\Users\srava\.m2\repository\org\slf4j\slf4j-api\1.7.36\slf4j-api-1.7.36.jar;C:\Users\srava\.m2\repository\com\beust\jcommander\1.82\jcommander-1.82.jar;C:\Users\srava\.m2\repository\org\webjars\jquery\3.7.1\jquery-3.7.1.jar;C:\Users\srava\.m2\repository\com\aventstack\extentreports\5.1.2\extentreports-5.1.2.jar;C:\Users\srava\.m2\repository\io\reactivex\rxjava3\rxjava\3.1.6\rxjava-3.1.6.jar;C:\Users\srava\.m2\repository\org\reactivestreams\reactive-streams\1.0.4\reactive-streams-1.0.4.jar;C:\Users\srava\.m2\repository\org\freemarker\freemarker\2.3.32\freemarker-2.3.32.jar;C:\Users\srava\.m2\repository\org\projectlombok\lombok\1.18.26\lombok-1.18.26.jar;C:\Users\srava\.m2\repository\org\apache\poi\poi\5.3.0\poi-5.3.0.jar;C:\Users\srava\.m2\repository\commons-codec\commons-codec\1.17.0\commons-codec-1.17.0.jar;C:\Users\srava\.m2\repository\org\apache\commons\commons-collections4\4.4\commons-collections4-4.4.jar;C:\Users\srava\.m2\repository\org\apache\commons\commons-math3\3.6.1\commons-math3-3.6.1.jar;C:\Users\srava\.m2\repository\commons-io\commons-io\2.16.1\commons-io-2.16.1.jar;C:\Users\srava\.m2\repository\com\zaxxer\SparseBitSet\1.3\SparseBitSet-1.3.jar;C:\Users\srava\.m2\repository\org\apache\poi\poi-ooxml\5.3.0\poi-ooxml-5.3.0.jar;C:\Users\srava\.m2\repository\org\apache\poi\poi-ooxml-lite\5.3.0\poi-ooxml-lite-5.3.0.jar;C:\Users\srava\.m2\repository\org\apache\xmlbeans\xmlbeans\5.2.1\xmlbeans-5.2.1.jar;C:\Users\srava\.m2\repository\org\apache\commons\commons-compress\1.26.2\commons-compress-1.26.2.jar;C:\Users\srava\.m2\repository\com\github\virtuald\curvesapi\1.08\curvesapi-1.08.jar;C:\Users\srava\.m2\repository\org\apache\logging\log4j\log4j-api\2.20.0\log4j-api-2.20.0.jar;C:\Users\srava\.m2\repository\org\apache\logging\log4j\log4j-core\2.20.0\log4j-core-2.20.0.jar;C:\Users\srava\.m2\repository\log4j\log4j\1.2.17\log4j-1.2.17.jar;"/>
    <property name="sun.cpu.endian" value="little"/>
    <property name="user.home" value="C:\Users\srava"/>
    <property name="user.language" value="en"/>
    <property name="java.specification.vendor" value="Oracle Corporation"/>
    <property name="java.version.date" value="2024-01-16"/>
    <property name="java.home" value="C:\Program Files\Java\jdk-17"/>
    <property name="file.separator" value="\"/>
    <property name="basedir" value="C:\SravanKumar\Automation\RestAutoFramework"/>
    <property name="java.vm.compressedOopsMode" value="Zero based"/>
    <property name="line.separator" value="&#10;"/>
    <property name="java.vm.specification.vendor" value="Oracle Corporation"/>
    <property name="java.specification.name" value="Java Platform API Specification"/>
    <property name="surefire.real.class.path" value="C:\Users\srava\AppData\Local\Temp\surefire10602479813208433025\surefirebooter-20240914091404727_3.jar"/>
    <property name="user.script" value=""/>
    <property name="sun.management.compiler" value="HotSpot 64-Bit Tiered Compilers"/>
    <property name="java.runtime.version" value="17.0.10+11-LTS-240"/>
    <property name="user.name" value="srava"/>
    <property name="path.separator" value=";"/>
    <property name="os.version" value="10.0"/>
    <property name="java.runtime.name" value="Java(TM) SE Runtime Environment"/>
    <property name="file.encoding" value="Cp1252"/>
    <property name="java.vm.name" value="Java HotSpot(TM) 64-Bit Server VM"/>
    <property name="localRepository" value="C:\Users\srava\.m2\repository"/>
    <property name="java.vendor.url.bug" value="https://bugreport.java.com/bugreport/"/>
    <property name="java.io.tmpdir" value="C:\Users\srava\AppData\Local\Temp\"/>
    <property name="java.version" value="17.0.10"/>
    <property name="user.dir" value="C:\SravanKumar\Automation\RestAutoFramework"/>
    <property name="os.arch" value="amd64"/>
    <property name="java.vm.specification.name" value="Java Virtual Machine Specification"/>
    <property name="sun.os.patch.level" value=""/>
    <property name="native.encoding" value="Cp1252"/>
    <property name="java.library.path" value="C:\Program Files\Java\jdk-17\bin;C:\Windows\Sun\Java\bin;C:\Windows\system32;C:\Windows;C:\Users\srava\AppData\Local\Android\Sdk\platform-tools;C:\Users\srava\AppData\Local\Android\Sdk\tools;C:\Users\srava\AppData\Local\Android\Sdk\tools\bin;C:\Program Files\Common Files\Oracle\Java\javapath;C:\Windows\system32;C:\Windows;C:\Windows\System32\Wbem;C:\Windows\System32\WindowsPowerShell\v1.0\;C:\Windows\System32\OpenSSH\;C:\Program Files\Java\jdk-17\bin\;C:\Program Files\PuTTY\;C:\Program Files\nodejs\;C:\Program Files\nodejs\node_modules\npm\bin;C:\Users\srava\AppData\Local\Programs\Python\Python311;C:\Program Files\Git\cmd;C:\Users\srava\Desktop\Installers\apache-maven-3.8.8-bin\apache-maven-3.8.8\bin;C:\Users\srava\Desktop\Installers\apache-maven-3.8.8-bin\apache-maven-3.8.8\bin;C:\Program Files\Amazon\AWSCLIV2\;C:\apache-maven-3.9.9\bin;C:\Users\srava\AppData\Local\Microsoft\WindowsApps;C:\SravanKumar\Intellij\IntelliJ IDEA Community Edition 2021.1.2\bin;;C:\Users\srava\AppData\Roaming\npm;C:\Users\srava\AppData\Local\Programs\Python\Python311\Scripts;C:\Program Files\JetBrains\PyCharm Community Edition 2023.1.4\bin;;C:\Users\srava\AppData\Local\Programs\Microsoft VS Code\bin;C:\Users\srava\Desktop\Installers\terraform_1.8.4_windows_386;C:\Users\srava\AppData\Local\Programs\teleport-connect\resources\bin;."/>
    <property name="java.vm.info" value="mixed mode, sharing"/>
    <property name="java.vendor" value="Oracle Corporation"/>
    <property name="java.vm.version" value="17.0.10+11-LTS-240"/>
    <property name="sun.io.unicode.encoding" value="UnicodeLittle"/>
    <property name="java.class.version" value="61.0"/>
  </properties>
  <testcase name="createUserWithDataProvidor[sravan, leader](1)" classname="api.tests.DataDrivenTest" time="3.505">
    <system-out><![CDATA[ERROR StatusConsoleListener Unable to locate appender "LogToConsole" for logger config "root"
ERROR StatusConsoleListener Unable to locate appender "LogToRollingFile" for logger config "com.mkyong"
{
    "firstName": "sravan",
    "lastName": "leader",
    "email": null,
    "id": "257",
    "createdAt": "2024-09-14T03:44:09.752Z"
}
]]></system-out>
    <system-err><![CDATA[SLF4J: Failed to load class "org.slf4j.impl.StaticLoggerBinder".
SLF4J: Defaulting to no-operation (NOP) logger implementation
SLF4J: See http://www.slf4j.org/codes.html#StaticLoggerBinder for further details.
log4j:WARN No appenders could be found for logger (org.apache.http.impl.conn.BasicClientConnectionManager).
log4j:WARN Please initialize the log4j system properly.
log4j:WARN See http://logging.apache.org/log4j/1.2/faq.html#noconfig for more info.
]]></system-err>
  </testcase>
  <testcase name="createUserWithDataProvidor[kumar, actor](2)" classname="api.tests.DataDrivenTest" time="0.639">
    <system-out><![CDATA[{
    "firstName": "kumar",
    "lastName": "actor",
    "email": null,
    "id": "249",
    "createdAt": "2024-09-14T03:44:10.466Z"
}
]]></system-out>
  </testcase>
  <testcase name="createUserWithDataProvidor[Uday, director](3)" classname="api.tests.DataDrivenTest" time="0.949">
    <system-out><![CDATA[{
    "firstName": "Uday",
    "lastName": "director",
    "email": null,
    "id": "109",
    "createdAt": "2024-09-14T03:44:11.415Z"
}
]]></system-out>
  </testcase>
  <testcase name="createUserWithDataProvidor[tejas, producer](4)" classname="api.tests.DataDrivenTest" time="0.513">
    <system-out><![CDATA[{
    "firstName": "tejas",
    "lastName": "producer",
    "email": null,
    "id": "435",
    "createdAt": "2024-09-14T03:44:11.939Z"
}
]]></system-out>
  </testcase>
  <testcase name="createUserTest" classname="api.tests.UserTests" time="1.153">
    <system-out><![CDATA[HTTP/1.1 201 Created
Date: Sat, 14 Sep 2024 03:44:12 GMT
Content-Type: application/json; charset=utf-8
Content-Length: 132
Connection: keep-alive
Report-To: {"group":"heroku-nel","max_age":3600,"endpoints":[{"url":"https://nel.heroku.com/reports?ts=1726285452&sid=c4c9725f-1ab0-44d8-820f-430df2718e11&s=ZIo4HMbyFRTrILgyV%2FQQaZHp6zI%2FOLKEMlr1ZiyaFOY%3D"}]}
Reporting-Endpoints: heroku-nel=https://nel.heroku.com/reports?ts=1726285452&sid=c4c9725f-1ab0-44d8-820f-430df2718e11&s=ZIo4HMbyFRTrILgyV%2FQQaZHp6zI%2FOLKEMlr1ZiyaFOY%3D
Nel: {"report_to":"heroku-nel","max_age":3600,"success_fraction":0.005,"failure_fraction":0.05,"response_headers":["Via"]}
X-Powered-By: Express
Access-Control-Allow-Origin: *
Etag: W/"84-MV7BEQ9KAN2nEnEhG109x93GoZ4"
Via: 1.1 vegur
CF-Cache-Status: DYNAMIC
Server: cloudflare
CF-RAY: 8c2d608d88dfc1c4-BLR

{
    "firstName": "Edgardo",
    "lastName": "Bailey",
    "email": "normand.wintheiser@yahoo.com",
    "id": "352",
    "createdAt": "2024-09-14T03:44:12.647Z"
}
New userId is: 352
]]></system-out>
  </testcase>
  <testcase name="getUserDetailsTest" classname="api.tests.UserTests" time="0.704">
    <system-out><![CDATA[userId is: 352
HTTP/1.1 404 Not Found
Date: Sat, 14 Sep 2024 03:44:14 GMT
Content-Type: application/json; charset=utf-8
Content-Length: 2
Connection: keep-alive
Report-To: {"group":"heroku-nel","max_age":3600,"endpoints":[{"url":"https://nel.heroku.com/reports?ts=1726285453&sid=c4c9725f-1ab0-44d8-820f-430df2718e11&s=j5TaToGBnkmQeDYmpCOUghOiDaNQZOh%2FlGejlTypZes%3D"}]}
Reporting-Endpoints: heroku-nel=https://nel.heroku.com/reports?ts=1726285453&sid=c4c9725f-1ab0-44d8-820f-430df2718e11&s=j5TaToGBnkmQeDYmpCOUghOiDaNQZOh%2FlGejlTypZes%3D
Nel: {"report_to":"heroku-nel","max_age":3600,"success_fraction":0.005,"failure_fraction":0.05,"response_headers":["Via"]}
X-Powered-By: Express
Access-Control-Allow-Origin: *
Etag: W/"2-vyGp6PvFo4RvsFtPoIWeCReyIC8"
Via: 1.1 vegur
Cache-Control: max-age=14400
CF-Cache-Status: MISS
Vary: Accept-Encoding
Server: cloudflare
CF-RAY: 8c2d6095bf8ec1c2-BLR

{
    
}
]]></system-out>
  </testcase>
  <testcase name="updateUserTest" classname="api.tests.UserTests" time="0.558">
    <system-out><![CDATA[HTTP/1.1 200 OK
Date: Sat, 14 Sep 2024 03:44:14 GMT
Content-Type: application/json; charset=utf-8
Transfer-Encoding: chunked
Connection: keep-alive
Report-To: {"group":"heroku-nel","max_age":3600,"endpoints":[{"url":"https://nel.heroku.com/reports?ts=1726285454&sid=c4c9725f-1ab0-44d8-820f-430df2718e11&s=cQAlLHwki7xeLbbwz2CklvK2mk60wIBToXvbU41KNCs%3D"}]}
Reporting-Endpoints: heroku-nel=https://nel.heroku.com/reports?ts=1726285454&sid=c4c9725f-1ab0-44d8-820f-430df2718e11&s=cQAlLHwki7xeLbbwz2CklvK2mk60wIBToXvbU41KNCs%3D
Nel: {"report_to":"heroku-nel","max_age":3600,"success_fraction":0.005,"failure_fraction":0.05,"response_headers":["Via"]}
X-Powered-By: Express
Access-Control-Allow-Origin: *
Etag: W/"75-/FFiQZMW/wtKiUc1okLYe5Bhi5c"
Via: 1.1 vegur
CF-Cache-Status: DYNAMIC
Vary: Accept-Encoding
Server: cloudflare
CF-RAY: 8c2d60992dd8c16f-BLR
Content-Encoding: gzip

{
    "firstName": "Ralph",
    "lastName": "Zieme",
    "email": "deb.cruickshank@hotmail.com",
    "updatedAt": "2024-09-14T03:44:14.503Z"
}
userId is: 352
]]></system-out>
  </testcase>
  <testcase name="deleteUserTest" classname="api.tests.UserTests" time="0.647">
    <system-out><![CDATA[userId is: 352
HTTP/1.1 204 No Content
Date: Sat, 14 Sep 2024 03:44:15 GMT
Content-Length: 0
Connection: keep-alive
Report-To: {"group":"heroku-nel","max_age":3600,"endpoints":[{"url":"https://nel.heroku.com/reports?ts=1726285455&sid=c4c9725f-1ab0-44d8-820f-430df2718e11&s=rk6MQqnfOK%2BeLpPi4p6OAAMnEh2LwNqaDGd7ALWo1OM%3D"}]}
Reporting-Endpoints: heroku-nel=https://nel.heroku.com/reports?ts=1726285455&sid=c4c9725f-1ab0-44d8-820f-430df2718e11&s=rk6MQqnfOK%2BeLpPi4p6OAAMnEh2LwNqaDGd7ALWo1OM%3D
Nel: {"report_to":"heroku-nel","max_age":3600,"success_fraction":0.005,"failure_fraction":0.05,"response_headers":["Via"]}
X-Powered-By: Express
Access-Control-Allow-Origin: *
Etag: W/"2-vyGp6PvFo4RvsFtPoIWeCReyIC8"
Via: 1.1 vegur
CF-Cache-Status: DYNAMIC
Server: cloudflare
CF-RAY: 8c2d609d0ab31d1c-BLR
]]></system-out>
  </testcase>
</testsuite>