<?xml version="1.0" encoding="UTF-8"?>
<!-- Generated by org.testng.reporters.JUnitReportReporter -->
<testsuite hostname="DESKTOP-IGDG67O" failures="0" tests="4" name="api.tests.UserTests" time="3.658" errors="0" timestamp="2024-09-13T21:56:14 IST" skipped="0">
  <testcase classname="api.tests.UserTests" name="createUserTest" time="2.453"/>
  <system-out/>
  <testcase classname="api.tests.UserTests" name="getUserDetailsTest" time="0.406"/>
  <system-out/>
  <testcase classname="api.tests.UserTests" name="updateUserTest" time="0.394"/>
  <system-out/>
  <testcase classname="api.tests.UserTests" name="deleteUserTest" time="0.405"/>
  <system-out/>
</testsuite> <!-- api.tests.UserTests -->
