<?xml version="1.0" encoding="UTF-8"?>
<!-- Generated by org.testng.reporters.JUnitReportReporter -->
<testsuite hostname="DESKTOP-IGDG67O" failures="0" tests="4" name="api.tests.DataDrivenTest" time="3.262" errors="0" timestamp="2024-09-13T17:00:21 IST" skipped="0">
  <testcase classname="api.tests.DataDrivenTest" name="createUserWithDataProvidor" time="0.375"/>
  <system-out/>
  <testcase classname="api.tests.DataDrivenTest" name="createUserWithDataProvidor" time="0.372"/>
  <system-out/>
  <testcase classname="api.tests.DataDrivenTest" name="createUserWithDataProvidor" time="2.136"/>
  <system-out/>
  <testcase classname="api.tests.DataDrivenTest" name="createUserWithDataProvidor" time="0.379"/>
  <system-out/>
</testsuite> <!-- api.tests.DataDrivenTest -->
