<?xml version="1.0" encoding="UTF-8"?>
<!-- Generated by org.testng.reporters.JUnitReportReporter -->
<testsuite hostname="DESKTOP-IGDG67O" failures="0" tests="4" name="api.tests.UserTests2" time="3.719" errors="0" timestamp="2024-09-13T22:25:24 IST" skipped="0">
  <testcase classname="api.tests.UserTests2" name="createUserTest" time="2.522"/>
  <system-out/>
  <testcase classname="api.tests.UserTests2" name="getUserDetailsTest" time="0.392"/>
  <system-out/>
  <testcase classname="api.tests.UserTests2" name="updateUserTest" time="0.388"/>
  <system-out/>
  <testcase classname="api.tests.UserTests2" name="deleteUserTest" time="0.417"/>
  <system-out/>
</testsuite> <!-- api.tests.UserTests2 -->
