<?xml version="1.0" encoding="UTF-8"?>
<!-- Generated by org.testng.reporters.JUnitReportReporter -->
<testsuite hostname="DESKTOP-IGDG67O" failures="0" tests="4" name="api.tests.DataDrivenTest" time="5.608" errors="0" timestamp="2024-09-14T09:14:15 IST" skipped="0">
  <testcase classname="api.tests.DataDrivenTest" name="createUserWithDataProvidor" time="0.953"/>
  <testcase classname="api.tests.DataDrivenTest" name="createUserWithDataProvidor" time="0.514"/>
  <testcase classname="api.tests.DataDrivenTest" name="createUserWithDataProvidor" time="3.504"/>
  <testcase classname="api.tests.DataDrivenTest" name="createUserWithDataProvidor" time="0.637"/>
</testsuite> <!-- api.tests.DataDrivenTest -->
