<?xml version="1.0" encoding="UTF-8"?>
<!-- Generated by org.testng.reporters.JUnitReportReporter -->
<testsuite hostname="DESKTOP-IGDG67O" failures="0" tests="4" name="api.tests.UserTests" time="3.059" errors="0" timestamp="2024-09-14T09:14:15 IST" skipped="0">
  <testcase classname="api.tests.UserTests" name="createUserTest" time="1.153"/>
  <testcase classname="api.tests.UserTests" name="getUserDetailsTest" time="0.702"/>
  <testcase classname="api.tests.UserTests" name="updateUserTest" time="0.555"/>
  <testcase classname="api.tests.UserTests" name="deleteUserTest" time="0.649"/>
</testsuite> <!-- api.tests.UserTests -->
